TN:
SF:controllers\authController.js
FN:6,(anonymous_0)
FN:14,(anonymous_1)
FN:58,(anonymous_2)
FN:95,(anonymous_3)
FN:105,(anonymous_4)
FN:133,(anonymous_5)
FNF:6
FNH:4
FNDA:79,(anonymous_0)
FNDA:79,(anonymous_1)
FNDA:3,(anonymous_2)
FNDA:1,(anonymous_3)
FNDA:0,(anonymous_4)
FNDA:0,(anonymous_5)
DA:1,4
DA:2,4
DA:3,4
DA:6,4
DA:7,79
DA:14,4
DA:15,79
DA:16,79
DA:19,79
DA:20,79
DA:21,1
DA:25,78
DA:26,78
DA:29,78
DA:38,78
DA:52,0
DA:58,4
DA:59,3
DA:60,3
DA:63,3
DA:64,3
DA:65,1
DA:69,2
DA:70,2
DA:71,1
DA:75,1
DA:89,0
DA:95,4
DA:96,1
DA:97,1
DA:98,1
DA:100,0
DA:105,4
DA:106,0
DA:107,0
DA:108,0
DA:109,0
DA:111,0
DA:112,0
DA:113,0
DA:114,0
DA:115,0
DA:117,0
DA:128,0
DA:133,4
DA:134,0
DA:135,0
DA:138,0
DA:139,0
DA:142,0
DA:154,0
DA:156,0
DA:160,4
LF:53
LH:32
BRDA:20,0,0,1
BRDA:20,0,1,78
BRDA:34,1,0,78
BRDA:34,1,1,0
BRDA:64,2,0,1
BRDA:64,2,1,2
BRDA:70,3,0,1
BRDA:70,3,1,1
BRDA:138,4,0,0
BRDA:138,4,1,0
BRDA:145,5,0,0
BRDA:145,5,1,0
BRDA:146,6,0,0
BRDA:146,6,1,0
BRDA:147,7,0,0
BRDA:147,7,1,0
BRDA:148,8,0,0
BRDA:148,8,1,0
BRDA:149,9,0,0
BRDA:149,9,1,0
BRF:20
BRH:7
end_of_record
TN:
SF:controllers\bookingController.js
FN:7,(anonymous_0)
FN:52,(anonymous_1)
FN:65,(anonymous_2)
FN:78,(anonymous_3)
FN:105,(anonymous_4)
FN:173,(anonymous_5)
FN:185,(anonymous_6)
FN:201,(anonymous_7)
FN:248,(anonymous_8)
FN:277,(anonymous_9)
FNF:10
FNH:7
FNDA:0,(anonymous_0)
FNDA:1,(anonymous_1)
FNDA:10,(anonymous_2)
FNDA:1,(anonymous_3)
FNDA:12,(anonymous_4)
FNDA:1,(anonymous_5)
FNDA:0,(anonymous_6)
FNDA:1,(anonymous_7)
FNDA:1,(anonymous_8)
FNDA:0,(anonymous_9)
DA:1,4
DA:2,4
DA:3,4
DA:7,4
DA:8,0
DA:9,0
DA:10,0
DA:13,0
DA:14,0
DA:15,0
DA:18,0
DA:19,0
DA:30,0
DA:40,0
DA:42,0
DA:43,0
DA:45,0
DA:48,0
DA:52,4
DA:53,1
DA:54,1
DA:55,1
DA:56,1
DA:57,1
DA:58,1
DA:59,0
DA:61,0
DA:65,4
DA:66,10
DA:67,10
DA:68,10
DA:69,10
DA:70,10
DA:71,10
DA:72,0
DA:74,0
DA:78,4
DA:79,1
DA:87,1
DA:88,0
DA:89,0
DA:90,0
DA:92,0
DA:93,0
DA:95,0
DA:96,0
DA:98,0
DA:99,0
DA:105,4
DA:106,12
DA:109,12
DA:111,12
DA:112,12
DA:113,12
DA:116,11
DA:120,11
DA:121,1
DA:127,10
DA:128,10
DA:129,9
DA:130,9
DA:131,9
DA:132,9
DA:136,10
DA:151,10
DA:152,10
DA:155,10
DA:163,10
DA:166,10
DA:168,0
DA:173,4
DA:174,1
DA:175,1
DA:178,1
DA:180,0
DA:185,4
DA:186,0
DA:187,0
DA:188,0
DA:190,0
DA:194,0
DA:196,0
DA:201,4
DA:202,1
DA:203,1
DA:204,1
DA:207,1
DA:209,1
DA:210,1
DA:213,1
DA:214,0
DA:215,1
DA:216,0
DA:218,1
DA:221,1
DA:228,1
DA:229,1
DA:232,1
DA:233,0
DA:234,0
DA:235,0
DA:236,0
DA:237,0
DA:241,1
DA:243,0
DA:248,4
DA:249,1
DA:250,1
DA:251,1
DA:252,1
DA:253,0
DA:254,1
DA:255,0
DA:257,1
DA:258,1
DA:261,1
DA:262,1
DA:263,1
DA:264,1
DA:265,1
DA:266,1
DA:270,1
DA:272,0
DA:277,4
DA:278,0
DA:279,0
DA:280,0
DA:281,0
DA:282,0
DA:284,0
DA:285,0
DA:287,0
DA:293,0
DA:295,0
DA:299,4
LF:135
LH:79
BRDA:7,0,0,0
BRDA:8,1,0,0
BRDA:8,1,1,0
BRDA:13,2,0,0
BRDA:13,2,1,0
BRDA:42,3,0,0
BRDA:42,3,1,0
BRDA:52,4,0,1
BRDA:56,5,0,0
BRDA:56,5,1,1
BRDA:57,6,0,0
BRDA:57,6,1,1
BRDA:58,7,0,1
BRDA:58,7,1,0
BRDA:65,8,0,10
BRDA:69,9,0,0
BRDA:69,9,1,10
BRDA:70,10,0,0
BRDA:70,10,1,10
BRDA:71,11,0,10
BRDA:71,11,1,0
BRDA:90,12,0,0
BRDA:90,12,1,0
BRDA:90,13,0,0
BRDA:90,13,1,0
BRDA:92,14,0,0
BRDA:92,14,1,0
BRDA:95,15,0,0
BRDA:95,15,1,0
BRDA:98,16,0,0
BRDA:98,16,1,0
BRDA:112,17,0,0
BRDA:112,17,1,12
BRDA:113,18,0,1
BRDA:113,18,1,11
BRDA:120,19,0,1
BRDA:120,19,1,10
BRDA:127,20,0,10
BRDA:127,20,1,1
BRDA:128,21,0,9
BRDA:128,21,1,1
BRDA:133,22,0,9
BRDA:133,22,1,0
BRDA:141,23,0,10
BRDA:141,23,1,9
BRDA:142,24,0,10
BRDA:142,24,1,9
BRDA:143,25,0,10
BRDA:143,25,1,9
BRDA:145,26,0,10
BRDA:145,26,1,9
BRDA:146,27,0,10
BRDA:146,27,1,10
BRDA:147,28,0,10
BRDA:147,28,1,10
BRDA:148,29,0,10
BRDA:148,29,1,10
BRDA:164,30,0,10
BRDA:164,30,1,0
BRDA:188,31,0,0
BRDA:188,31,1,0
BRDA:207,32,0,0
BRDA:207,32,1,1
BRDA:210,33,0,0
BRDA:210,33,1,1
BRDA:213,34,0,0
BRDA:213,34,1,1
BRDA:213,35,0,1
BRDA:213,35,1,0
BRDA:215,36,0,0
BRDA:215,36,1,1
BRDA:215,37,0,1
BRDA:215,37,1,0
BRDA:228,38,0,1
BRDA:228,38,1,0
BRDA:232,39,0,0
BRDA:232,39,1,1
BRDA:232,40,0,1
BRDA:232,40,1,1
BRDA:234,41,0,0
BRDA:234,41,1,0
BRDA:234,42,0,0
BRDA:234,42,1,0
BRDA:251,43,0,0
BRDA:251,43,1,1
BRDA:252,44,0,0
BRDA:252,44,1,1
BRDA:254,45,0,0
BRDA:254,45,1,1
BRDA:261,46,0,1
BRDA:261,46,1,0
BRDA:263,47,0,1
BRDA:263,47,1,0
BRDA:263,48,0,1
BRDA:263,48,1,1
BRDA:280,49,0,0
BRDA:280,49,1,0
BRDA:281,50,0,0
BRDA:281,50,1,0
BRF:99
BRH:50
end_of_record
TN:
SF:controllers\itemController.js
FN:4,(anonymous_0)
FN:10,(anonymous_1)
FN:29,(anonymous_2)
FN:59,(anonymous_3)
FN:70,(anonymous_4)
FN:99,(anonymous_5)
FN:110,(anonymous_6)
FN:122,(anonymous_7)
FNF:8
FNH:3
FNDA:1,(anonymous_0)
FNDA:0,(anonymous_1)
FNDA:1,(anonymous_2)
FNDA:0,(anonymous_3)
FNDA:0,(anonymous_4)
FNDA:0,(anonymous_5)
FNDA:0,(anonymous_6)
FNDA:1,(anonymous_7)
DA:1,4
DA:4,4
DA:5,1
DA:10,4
DA:11,0
DA:12,0
DA:13,0
DA:15,0
DA:16,0
DA:23,0
DA:29,4
DA:30,1
DA:31,1
DA:32,1
DA:35,1
DA:36,0
DA:39,1
DA:40,1
DA:42,1
DA:43,1
DA:45,1
DA:47,1
DA:53,0
DA:59,4
DA:60,0
DA:61,0
DA:62,0
DA:64,0
DA:65,0
DA:68,0
DA:69,0
DA:70,0
DA:73,0
DA:74,0
DA:78,0
DA:79,0
DA:84,0
DA:85,0
DA:87,0
DA:93,0
DA:99,4
DA:100,0
DA:101,0
DA:102,0
DA:104,0
DA:105,0
DA:108,0
DA:109,0
DA:110,0
DA:113,0
DA:115,0
DA:117,0
DA:122,4
DA:123,1
DA:124,0
DA:131,1
DA:140,4
LF:57
LH:21
BRDA:5,0,0,0
BRDA:5,0,1,1
BRDA:13,1,0,0
BRDA:13,1,1,0
BRDA:32,2,0,0
BRDA:32,2,1,1
BRDA:35,3,0,0
BRDA:35,3,1,1
BRDA:62,4,0,0
BRDA:62,4,1,0
BRDA:64,5,0,0
BRDA:64,5,1,0
BRDA:73,6,0,0
BRDA:73,6,1,0
BRDA:102,7,0,0
BRDA:102,7,1,0
BRDA:104,8,0,0
BRDA:104,8,1,0
BRDA:123,9,0,0
BRDA:123,9,1,1
BRDA:127,10,0,0
BRDA:127,10,1,0
BRDA:128,11,0,0
BRDA:128,11,1,0
BRDA:134,12,0,1
BRDA:134,12,1,0
BRDA:135,13,0,1
BRDA:135,13,1,1
BRF:28
BRH:7
end_of_record
TN:
SF:controllers\reviewController.js
FN:6,(anonymous_0)
FN:29,(anonymous_1)
FN:45,(anonymous_2)
FNF:3
FNH:3
FNDA:6,(anonymous_0)
FNDA:4,(anonymous_1)
FNDA:1,(anonymous_2)
DA:1,4
DA:2,4
DA:6,4
DA:7,6
DA:8,6
DA:11,6
DA:16,6
DA:17,1
DA:20,5
DA:28,4
DA:29,4
DA:31,4
DA:36,4
DA:39,1
DA:45,4
DA:46,1
DA:47,1
DA:51,1
DA:54,0
DA:58,4
LF:20
LH:19
BRDA:16,0,0,1
BRDA:16,0,1,5
BRF:2
BRH:2
end_of_record
TN:
SF:controllers\shopController.js
FN:5,(anonymous_0)
FN:55,(anonymous_1)
FN:84,(anonymous_2)
FN:115,(anonymous_3)
FN:129,(anonymous_4)
FN:147,(anonymous_5)
FN:175,(anonymous_6)
FN:203,(anonymous_7)
FN:219,(anonymous_8)
FN:232,(anonymous_9)
FN:250,(anonymous_10)
FNF:11
FNH:5
FNDA:22,(anonymous_0)
FNDA:4,(anonymous_1)
FNDA:0,(anonymous_2)
FNDA:0,(anonymous_3)
FNDA:1,(anonymous_4)
FNDA:0,(anonymous_5)
FNDA:1,(anonymous_6)
FNDA:0,(anonymous_7)
FNDA:0,(anonymous_8)
FNDA:19,(anonymous_9)
FNDA:0,(anonymous_10)
DA:1,4
DA:5,4
DA:6,22
DA:11,22
DA:13,22
DA:29,22
DA:36,0
DA:43,4
DA:55,4
DA:56,4
DA:57,4
DA:59,4
DA:60,4
DA:64,4
DA:66,0
DA:70,0
DA:84,0
DA:85,0
DA:86,0
DA:87,0
DA:88,0
DA:92,0
DA:94,0
DA:95,0
DA:99,4
DA:103,4
DA:110,0
DA:115,4
DA:116,0
DA:117,0
DA:118,0
DA:120,0
DA:124,0
DA:129,4
DA:130,1
DA:131,1
DA:134,1
DA:135,0
DA:138,1
DA:141,0
DA:147,4
DA:148,0
DA:149,0
DA:151,0
DA:152,0
DA:156,0
DA:157,0
DA:160,0
DA:166,0
DA:169,0
DA:175,4
DA:176,1
DA:177,1
DA:179,1
DA:180,0
DA:183,1
DA:184,0
DA:187,1
DA:188,1
DA:190,1
DA:197,0
DA:203,4
DA:204,0
DA:205,0
DA:207,0
DA:208,0
DA:211,0
DA:214,0
DA:219,4
DA:220,0
DA:221,0
DA:224,0
DA:226,0
DA:232,4
DA:233,19
DA:234,19
DA:239,19
DA:240,0
DA:242,19
DA:244,0
DA:250,4
DA:251,0
DA:252,0
DA:253,0
DA:255,0
DA:258,4
LF:86
LH:39
BRDA:25,0,0,22
BRDA:25,0,1,0
BRDA:60,1,0,2
BRDA:60,1,1,2
BRDA:64,2,0,0
BRDA:64,2,1,4
BRDA:64,3,0,4
BRDA:64,3,1,0
BRDA:66,4,0,0
BRDA:66,4,1,0
BRDA:68,5,0,0
BRDA:68,5,1,0
BRDA:87,6,0,0
BRDA:87,6,1,0
BRDA:134,7,0,0
BRDA:134,7,1,1
BRDA:151,8,0,0
BRDA:151,8,1,0
BRDA:156,9,0,0
BRDA:156,9,1,0
BRDA:179,10,0,0
BRDA:179,10,1,1
BRDA:183,11,0,0
BRDA:183,11,1,1
BRDA:192,12,0,0
BRDA:192,12,1,1
BRDA:207,13,0,0
BRDA:207,13,1,0
BRDA:239,14,0,0
BRDA:239,14,1,19
BRF:30
BRH:10
end_of_record
TN:
SF:controllers\uploadController.js
FN:4,(anonymous_0)
FNF:1
FNH:0
FNDA:0,(anonymous_0)
DA:1,4
DA:4,4
DA:5,0
DA:6,0
DA:7,0
DA:9,0
DA:14,0
DA:18,4
LF:8
LH:3
BRDA:6,0,0,0
BRDA:6,0,1,0
BRF:2
BRH:0
end_of_record
TN:
SF:models\Booking.js
FNF:0
FNH:0
DA:1,4
DA:3,4
DA:94,4
LF:3
LH:3
BRF:0
BRH:0
end_of_record
TN:
SF:models\Review.js
FNF:0
FNH:0
DA:1,4
DA:3,4
DA:30,4
LF:3
LH:3
BRF:0
BRH:0
end_of_record
TN:
SF:models\Shop.js
FNF:0
FNH:0
DA:1,4
DA:3,4
DA:49,4
DA:50,4
LF:4
LH:4
BRF:0
BRH:0
end_of_record
TN:
SF:models\User.js
FNF:0
FNH:0
DA:1,4
DA:3,4
DA:23,4
DA:24,4
LF:4
LH:4
BRF:0
BRH:0
end_of_record
TN:
SF:routes\authRoutes.js
FN:12,(anonymous_0)
FN:96,(anonymous_1)
FN:111,(anonymous_2)
FNF:3
FNH:1
FNDA:87,(anonymous_0)
FNDA:0,(anonymous_1)
FNDA:0,(anonymous_2)
DA:1,4
DA:2,4
DA:3,4
DA:7,4
DA:8,4
DA:9,4
DA:12,4
DA:13,87
DA:14,87
DA:15,5
DA:16,5
DA:21,82
DA:25,4
DA:51,4
DA:66,4
DA:69,4
DA:87,4
DA:93,4
DA:97,0
DA:98,0
DA:101,0
DA:103,0
DA:108,4
DA:112,0
DA:113,0
DA:114,0
DA:116,0
DA:121,4
LF:28
LH:20
BRDA:14,0,0,5
BRDA:14,0,1,82
BRF:2
BRH:2
end_of_record
TN:
SF:routes\bookingRoutes.js
FNF:0
FNH:0
DA:1,4
DA:2,4
DA:6,4
DA:7,4
DA:9,4
DA:10,4
DA:11,4
DA:12,4
DA:13,4
DA:14,4
DA:16,4
LF:11
LH:11
BRF:0
BRH:0
end_of_record
TN:
SF:routes\reviewRoutes.js
FNF:0
FNH:0
DA:1,4
DA:2,4
DA:3,4
DA:4,4
DA:6,4
DA:7,4
DA:9,4
LF:7
LH:7
BRF:0
BRH:0
end_of_record
TN:
SF:routes\shopRoutes.js
FNF:0
FNH:0
DA:1,4
DA:2,4
DA:7,4
DA:8,4
DA:9,4
DA:12,4
DA:13,4
DA:16,4
DA:17,4
DA:18,4
DA:19,4
DA:22,4
DA:23,4
DA:24,4
DA:25,4
DA:28,4
DA:29,4
DA:30,4
DA:32,4
LF:19
LH:19
BRF:0
BRH:0
end_of_record
TN:
SF:routes\uploadRoutes.js
FNF:0
FNH:0
DA:1,4
DA:2,4
DA:3,4
DA:4,4
DA:5,4
DA:7,4
DA:9,4
LF:7
LH:7
BRF:0
BRH:0
end_of_record
